[2026-02-03T11:06:52.979+0000] {taskinstance.py:1979} INFO - Dependencies all met for dep_context=non-requeueable deps ti=<TaskInstance: fetch_raw_data.fetch_raw_data manual__2026-02-03T10:56:22.029269+00:00 [queued]>
[2026-02-03T11:06:52.984+0000] {taskinstance.py:1979} INFO - Dependencies all met for dep_context=requeueable deps ti=<TaskInstance: fetch_raw_data.fetch_raw_data manual__2026-02-03T10:56:22.029269+00:00 [queued]>
[2026-02-03T11:06:52.984+0000] {taskinstance.py:2193} INFO - Starting attempt 3 of 3
[2026-02-03T11:06:52.999+0000] {taskinstance.py:2217} INFO - Executing <Task(PythonOperator): fetch_raw_data> on 2026-02-03 10:56:22.029269+00:00
[2026-02-03T11:06:53.003+0000] {standard_task_runner.py:60} INFO - Started process 215 to run task
[2026-02-03T11:06:53.006+0000] {standard_task_runner.py:87} INFO - Running: ['airflow', 'tasks', 'run', 'fetch_raw_data', 'fetch_raw_data', 'manual__2026-02-03T10:56:22.029269+00:00', '--job-id', '6', '--raw', '--subdir', 'DAGS_FOLDER/daily_dags.py', '--cfg-path', '/tmp/tmp42ngn1w6']
[2026-02-03T11:06:53.009+0000] {standard_task_runner.py:88} INFO - Job 6: Subtask fetch_raw_data
[2026-02-03T11:06:53.070+0000] {task_command.py:423} INFO - Running <TaskInstance: fetch_raw_data.fetch_raw_data manual__2026-02-03T10:56:22.029269+00:00 [running]> on host 2dfa199d10f7
[2026-02-03T11:06:53.125+0000] {taskinstance.py:2513} INFO - Exporting env vars: AIRFLOW_CTX_DAG_OWNER='data-eng' AIRFLOW_CTX_DAG_ID='fetch_raw_data' AIRFLOW_CTX_TASK_ID='fetch_raw_data' AIRFLOW_CTX_EXECUTION_DATE='2026-02-03T10:56:22.029269+00:00' AIRFLOW_CTX_TRY_NUMBER='3' AIRFLOW_CTX_DAG_RUN_ID='manual__2026-02-03T10:56:22.029269+00:00'
[2026-02-03T11:06:53.127+0000] {logging_mixin.py:188} INFO - 🔥 FUNCTION STARTED 🔥
[2026-02-03T11:06:53.132+0000] {logging_mixin.py:188} WARNING - /home/airflow/.local/lib/python3.8/site-packages/airflow/utils/context.py:315 AirflowContextDeprecationWarning: Accessing 'execution_date' from the template is deprecated and will be removed in a future version. Please use 'data_interval_start' or 'logical_date' instead.
[2026-02-03T11:06:53.151+0000] {_metadata.py:139} WARNING - Compute Engine Metadata server unavailable on attempt 1 of 3. Reason: [Errno 111] Connection refused
[2026-02-03T11:06:53.155+0000] {_metadata.py:139} WARNING - Compute Engine Metadata server unavailable on attempt 2 of 3. Reason: [Errno 111] Connection refused
[2026-02-03T11:06:53.158+0000] {_metadata.py:139} WARNING - Compute Engine Metadata server unavailable on attempt 3 of 3. Reason: [Errno 111] Connection refused
[2026-02-03T11:06:53.159+0000] {_default.py:338} WARNING - Authentication failed using Compute Engine authentication due to unavailable metadata server.
[2026-02-03T11:06:53.160+0000] {taskinstance.py:2731} ERROR - Task failed with exception
Traceback (most recent call last):
  File "/home/airflow/.local/lib/python3.8/site-packages/airflow/models/taskinstance.py", line 444, in _execute_task
    result = _execute_callable(context=context, **execute_callable_kwargs)
  File "/home/airflow/.local/lib/python3.8/site-packages/airflow/models/taskinstance.py", line 414, in _execute_callable
    return execute_callable(context=context, **execute_callable_kwargs)
  File "/home/airflow/.local/lib/python3.8/site-packages/airflow/operators/python.py", line 200, in execute
    return_value = self.execute_callable()
  File "/home/airflow/.local/lib/python3.8/site-packages/airflow/operators/python.py", line 217, in execute_callable
    return self.python_callable(*self.op_args, **self.op_kwargs)
  File "/opt/airflow/dags/daily_dags.py", line 21, in fetch_raw_data_task
    client = storage.Client()
  File "/home/airflow/.local/lib/python3.8/site-packages/google/cloud/storage/client.py", line 226, in __init__
    super(Client, self).__init__(
  File "/home/airflow/.local/lib/python3.8/site-packages/google/cloud/client/__init__.py", line 320, in __init__
    _ClientProjectMixin.__init__(self, project=project, credentials=credentials)
  File "/home/airflow/.local/lib/python3.8/site-packages/google/cloud/client/__init__.py", line 268, in __init__
    project = self._determine_default(project)
  File "/home/airflow/.local/lib/python3.8/site-packages/google/cloud/client/__init__.py", line 287, in _determine_default
    return _determine_default_project(project)
  File "/home/airflow/.local/lib/python3.8/site-packages/google/cloud/_helpers/__init__.py", line 152, in _determine_default_project
    _, project = google.auth.default()
  File "/home/airflow/.local/lib/python3.8/site-packages/google/auth/_default.py", line 691, in default
    raise exceptions.DefaultCredentialsError(_CLOUD_SDK_MISSING_CREDENTIALS)
google.auth.exceptions.DefaultCredentialsError: Your default credentials were not found. To set up Application Default Credentials, see https://cloud.google.com/docs/authentication/external/set-up-adc for more information.
[2026-02-03T11:06:53.168+0000] {taskinstance.py:1149} INFO - Marking task as FAILED. dag_id=fetch_raw_data, task_id=fetch_raw_data, execution_date=20260203T105622, start_date=20260203T110652, end_date=20260203T110653
[2026-02-03T11:06:53.197+0000] {standard_task_runner.py:107} ERROR - Failed to execute job 6 for task fetch_raw_data (Your default credentials were not found. To set up Application Default Credentials, see https://cloud.google.com/docs/authentication/external/set-up-adc for more information.; 215)
[2026-02-03T11:06:53.221+0000] {local_task_job_runner.py:234} INFO - Task exited with return code 1
[2026-02-03T11:06:53.235+0000] {taskinstance.py:3312} INFO - 0 downstream tasks scheduled from follow-on schedule check
