[2026-02-03T10:22:33.157+0000] {manager.py:469} INFO - Processing files using up to 1 processes at a time 
[2026-02-03T10:22:33.157+0000] {manager.py:470} INFO - Process each file at most once every 30 seconds
[2026-02-03T10:22:33.158+0000] {manager.py:471} INFO - Checking for new files in /opt/airflow/dags every 300 seconds
[2026-02-03T10:22:33.159+0000] {manager.py:738} INFO - Searching for files in /opt/airflow/dags
[2026-02-03T10:22:33.169+0000] {manager.py:741} INFO - There are 1 files in /opt/airflow/dags
[2026-02-03T10:22:33.728+0000] {manager.py:879} INFO - 
================================================================================
DAG File Processing Stats

File Path                        PID    Runtime      # DAGs    # Errors  Last Runtime    Last Run
-------------------------------  -----  ---------  --------  ----------  --------------  -------------------
/opt/airflow/dags/daily_dags.py                           1           0  0.50s           2026-02-03T10:22:33
================================================================================
[2026-02-03T10:23:04.805+0000] {manager.py:879} INFO - 
================================================================================
DAG File Processing Stats

File Path                        PID    Runtime      # DAGs    # Errors  Last Runtime    Last Run
-------------------------------  -----  ---------  --------  ----------  --------------  -------------------
/opt/airflow/dags/daily_dags.py                           1           0  0.20s           2026-02-03T10:23:04
================================================================================
[2026-02-03T10:23:35.277+0000] {manager.py:879} INFO - 
================================================================================
DAG File Processing Stats

File Path                        PID    Runtime      # DAGs    # Errors  Last Runtime    Last Run
-------------------------------  -----  ---------  --------  ----------  --------------  -------------------
/opt/airflow/dags/daily_dags.py                           1           0  0.31s           2026-02-03T10:23:35
================================================================================
[2026-02-03T10:24:05.627+0000] {manager.py:879} INFO - 
================================================================================
DAG File Processing Stats

File Path                        PID    Runtime      # DAGs    # Errors  Last Runtime    Last Run
-------------------------------  -----  ---------  --------  ----------  --------------  -------------------
/opt/airflow/dags/daily_dags.py                           1           0  0.31s           2026-02-03T10:24:05
================================================================================
[2026-02-03T10:24:36.037+0000] {manager.py:879} INFO - 
================================================================================
DAG File Processing Stats

File Path                        PID    Runtime      # DAGs    # Errors  Last Runtime    Last Run
-------------------------------  -----  ---------  --------  ----------  --------------  -------------------
/opt/airflow/dags/daily_dags.py                           1           0  0.31s           2026-02-03T10:24:36
================================================================================
[2026-02-03T10:25:06.353+0000] {manager.py:879} INFO - 
================================================================================
DAG File Processing Stats

File Path                        PID    Runtime      # DAGs    # Errors  Last Runtime    Last Run
-------------------------------  -----  ---------  --------  ----------  --------------  -------------------
/opt/airflow/dags/daily_dags.py                           1           0  0.30s           2026-02-03T10:25:06
================================================================================
[2026-02-03T10:25:36.616+0000] {manager.py:879} INFO - 
================================================================================
DAG File Processing Stats

File Path                        PID    Runtime      # DAGs    # Errors  Last Runtime    Last Run
-------------------------------  -----  ---------  --------  ----------  --------------  -------------------
/opt/airflow/dags/daily_dags.py                           1           0  0.21s           2026-02-03T10:25:36
================================================================================
[2026-02-03T10:26:07.038+0000] {manager.py:879} INFO - 
================================================================================
DAG File Processing Stats

File Path                        PID    Runtime      # DAGs    # Errors  Last Runtime    Last Run
-------------------------------  -----  ---------  --------  ----------  --------------  -------------------
/opt/airflow/dags/daily_dags.py                           1           0  0.31s           2026-02-03T10:26:07
================================================================================
[2026-02-03T10:26:37.370+0000] {manager.py:879} INFO - 
================================================================================
DAG File Processing Stats

File Path                        PID    Runtime      # DAGs    # Errors  Last Runtime    Last Run
-------------------------------  -----  ---------  --------  ----------  --------------  -------------------
/opt/airflow/dags/daily_dags.py                           1           0  0.30s           2026-02-03T10:26:37
================================================================================
[2026-02-03T10:27:07.371+0000] {manager.py:879} INFO - 
================================================================================
DAG File Processing Stats

File Path                        PID    Runtime      # DAGs    # Errors  Last Runtime    Last Run
-------------------------------  -----  ---------  --------  ----------  --------------  -------------------
/opt/airflow/dags/daily_dags.py                           1           0  0.30s           2026-02-03T10:26:37
================================================================================
[2026-02-03T10:27:33.229+0000] {manager.py:738} INFO - Searching for files in /opt/airflow/dags
[2026-02-03T10:27:33.275+0000] {manager.py:741} INFO - There are 1 files in /opt/airflow/dags
[2026-02-03T10:27:37.720+0000] {manager.py:879} INFO - 
================================================================================
DAG File Processing Stats

File Path                        PID    Runtime      # DAGs    # Errors  Last Runtime    Last Run
-------------------------------  -----  ---------  --------  ----------  --------------  -------------------
/opt/airflow/dags/daily_dags.py                           1           0  0.30s           2026-02-03T10:27:08
================================================================================
[2026-02-03T10:28:08.030+0000] {manager.py:879} INFO - 
================================================================================
DAG File Processing Stats

File Path                        PID    Runtime      # DAGs    # Errors  Last Runtime    Last Run
-------------------------------  -----  ---------  --------  ----------  --------------  -------------------
/opt/airflow/dags/daily_dags.py                           1           0  0.21s           2026-02-03T10:27:38
================================================================================
[2026-02-03T10:28:38.403+0000] {manager.py:879} INFO - 
================================================================================
DAG File Processing Stats

File Path                        PID    Runtime      # DAGs    # Errors  Last Runtime    Last Run
-------------------------------  -----  ---------  --------  ----------  --------------  -------------------
/opt/airflow/dags/daily_dags.py                           1           0  0.31s           2026-02-03T10:28:09
================================================================================
[2026-02-03T10:29:08.743+0000] {manager.py:879} INFO - 
================================================================================
DAG File Processing Stats

File Path                        PID    Runtime      # DAGs    # Errors  Last Runtime    Last Run
-------------------------------  -----  ---------  --------  ----------  --------------  -------------------
/opt/airflow/dags/daily_dags.py                           1           0  0.20s           2026-02-03T10:28:39
================================================================================
[2026-02-03T10:29:39.076+0000] {manager.py:879} INFO - 
================================================================================
DAG File Processing Stats

File Path                        PID    Runtime      # DAGs    # Errors  Last Runtime    Last Run
-------------------------------  -----  ---------  --------  ----------  --------------  -------------------
/opt/airflow/dags/daily_dags.py                           1           0  0.31s           2026-02-03T10:29:10
================================================================================
[2026-02-03T10:30:09.420+0000] {manager.py:879} INFO - 
================================================================================
DAG File Processing Stats

File Path                        PID    Runtime      # DAGs    # Errors  Last Runtime    Last Run
-------------------------------  -----  ---------  --------  ----------  --------------  -------------------
/opt/airflow/dags/daily_dags.py                           1           0  0.20s           2026-02-03T10:29:40
================================================================================
[2026-02-03T10:30:39.767+0000] {manager.py:879} INFO - 
================================================================================
DAG File Processing Stats

File Path                        PID    Runtime      # DAGs    # Errors  Last Runtime    Last Run
-------------------------------  -----  ---------  --------  ----------  --------------  -------------------
/opt/airflow/dags/daily_dags.py                           1           0  0.31s           2026-02-03T10:30:10
================================================================================
[2026-02-03T10:31:10.121+0000] {manager.py:879} INFO - 
================================================================================
DAG File Processing Stats

File Path                        PID    Runtime      # DAGs    # Errors  Last Runtime    Last Run
-------------------------------  -----  ---------  --------  ----------  --------------  -------------------
/opt/airflow/dags/daily_dags.py                           1           0  0.21s           2026-02-03T10:30:41
================================================================================
[2026-02-03T10:31:40.487+0000] {manager.py:879} INFO - 
================================================================================
DAG File Processing Stats

File Path                        PID    Runtime      # DAGs    # Errors  Last Runtime    Last Run
-------------------------------  -----  ---------  --------  ----------  --------------  -------------------
/opt/airflow/dags/daily_dags.py                           1           0  0.21s           2026-02-03T10:31:11
================================================================================
[2026-02-03T10:32:10.843+0000] {manager.py:879} INFO - 
================================================================================
DAG File Processing Stats

File Path                        PID    Runtime      # DAGs    # Errors  Last Runtime    Last Run
-------------------------------  -----  ---------  --------  ----------  --------------  -------------------
/opt/airflow/dags/daily_dags.py                           1           0  0.20s           2026-02-03T10:31:41
================================================================================
[2026-02-03T10:32:33.430+0000] {manager.py:738} INFO - Searching for files in /opt/airflow/dags
[2026-02-03T10:32:33.446+0000] {manager.py:741} INFO - There are 1 files in /opt/airflow/dags
[2026-02-03T10:32:41.157+0000] {manager.py:879} INFO - 
================================================================================
DAG File Processing Stats

File Path                        PID    Runtime      # DAGs    # Errors  Last Runtime    Last Run
-------------------------------  -----  ---------  --------  ----------  --------------  -------------------
/opt/airflow/dags/daily_dags.py                           1           0  0.20s           2026-02-03T10:32:12
================================================================================
[2026-02-03T10:33:11.461+0000] {manager.py:879} INFO - 
================================================================================
DAG File Processing Stats

File Path                        PID    Runtime      # DAGs    # Errors  Last Runtime    Last Run
-------------------------------  -----  ---------  --------  ----------  --------------  -------------------
/opt/airflow/dags/daily_dags.py                           1           0  0.41s           2026-02-03T10:32:42
================================================================================
[2026-02-03T10:33:41.771+0000] {manager.py:879} INFO - 
================================================================================
DAG File Processing Stats

File Path                        PID    Runtime      # DAGs    # Errors  Last Runtime    Last Run
-------------------------------  -----  ---------  --------  ----------  --------------  -------------------
/opt/airflow/dags/daily_dags.py                           1           0  0.20s           2026-02-03T10:33:13
================================================================================
[2026-02-03T10:34:12.095+0000] {manager.py:879} INFO - 
================================================================================
DAG File Processing Stats

File Path                        PID    Runtime      # DAGs    # Errors  Last Runtime    Last Run
-------------------------------  -----  ---------  --------  ----------  --------------  -------------------
/opt/airflow/dags/daily_dags.py                           1           0  0.20s           2026-02-03T10:33:44
================================================================================
[2026-02-03T10:34:42.347+0000] {manager.py:879} INFO - 
================================================================================
DAG File Processing Stats

File Path                        PID    Runtime      # DAGs    # Errors  Last Runtime    Last Run
-------------------------------  -----  ---------  --------  ----------  --------------  -------------------
/opt/airflow/dags/daily_dags.py                           1           0  0.20s           2026-02-03T10:34:14
================================================================================
[2026-02-03T10:35:12.712+0000] {manager.py:879} INFO - 
================================================================================
DAG File Processing Stats

File Path                        PID    Runtime      # DAGs    # Errors  Last Runtime    Last Run
-------------------------------  -----  ---------  --------  ----------  --------------  -------------------
/opt/airflow/dags/daily_dags.py                           1           0  0.20s           2026-02-03T10:34:44
================================================================================
[2026-02-03T10:35:43.059+0000] {manager.py:879} INFO - 
================================================================================
DAG File Processing Stats

File Path                        PID    Runtime      # DAGs    # Errors  Last Runtime    Last Run
-------------------------------  -----  ---------  --------  ----------  --------------  -------------------
/opt/airflow/dags/daily_dags.py                           1           0  0.20s           2026-02-03T10:35:14
================================================================================
[2026-02-03T10:36:13.390+0000] {manager.py:879} INFO - 
================================================================================
DAG File Processing Stats

File Path                        PID    Runtime      # DAGs    # Errors  Last Runtime    Last Run
-------------------------------  -----  ---------  --------  ----------  --------------  -------------------
/opt/airflow/dags/daily_dags.py                           1           0  0.31s           2026-02-03T10:35:45
================================================================================
[2026-02-03T10:36:43.761+0000] {manager.py:879} INFO - 
================================================================================
DAG File Processing Stats

File Path                        PID    Runtime      # DAGs    # Errors  Last Runtime    Last Run
-------------------------------  -----  ---------  --------  ----------  --------------  -------------------
/opt/airflow/dags/daily_dags.py                           1           0  0.21s           2026-02-03T10:36:15
================================================================================
[2026-02-03T10:37:14.105+0000] {manager.py:879} INFO - 
================================================================================
DAG File Processing Stats

File Path                        PID    Runtime      # DAGs    # Errors  Last Runtime    Last Run
-------------------------------  -----  ---------  --------  ----------  --------------  -------------------
/opt/airflow/dags/daily_dags.py                           1           0  0.20s           2026-02-03T10:36:46
================================================================================
[2026-02-03T10:37:33.586+0000] {manager.py:738} INFO - Searching for files in /opt/airflow/dags
[2026-02-03T10:37:33.633+0000] {manager.py:741} INFO - There are 1 files in /opt/airflow/dags
[2026-02-03T10:37:44.440+0000] {manager.py:879} INFO - 
================================================================================
DAG File Processing Stats

File Path                        PID    Runtime      # DAGs    # Errors  Last Runtime    Last Run
-------------------------------  -----  ---------  --------  ----------  --------------  -------------------
/opt/airflow/dags/daily_dags.py                           1           0  0.20s           2026-02-03T10:37:16
================================================================================
[2026-02-03T10:38:14.772+0000] {manager.py:879} INFO - 
================================================================================
DAG File Processing Stats

File Path                        PID    Runtime      # DAGs    # Errors  Last Runtime    Last Run
-------------------------------  -----  ---------  --------  ----------  --------------  -------------------
/opt/airflow/dags/daily_dags.py                           1           0  0.20s           2026-02-03T10:37:46
================================================================================
[2026-02-03T10:38:45.110+0000] {manager.py:879} INFO - 
================================================================================
DAG File Processing Stats

File Path                        PID    Runtime      # DAGs    # Errors  Last Runtime    Last Run
-------------------------------  -----  ---------  --------  ----------  --------------  -------------------
/opt/airflow/dags/daily_dags.py                           1           0  0.21s           2026-02-03T10:38:17
================================================================================
[2026-02-03T10:39:15.454+0000] {manager.py:879} INFO - 
================================================================================
DAG File Processing Stats

File Path                        PID    Runtime      # DAGs    # Errors  Last Runtime    Last Run
-------------------------------  -----  ---------  --------  ----------  --------------  -------------------
/opt/airflow/dags/daily_dags.py                           1           0  0.30s           2026-02-03T10:38:47
================================================================================
[2026-02-03T10:39:45.793+0000] {manager.py:879} INFO - 
================================================================================
DAG File Processing Stats

File Path                        PID    Runtime      # DAGs    # Errors  Last Runtime    Last Run
-------------------------------  -----  ---------  --------  ----------  --------------  -------------------
/opt/airflow/dags/daily_dags.py                           1           0  0.20s           2026-02-03T10:39:17
================================================================================
[2026-02-03T10:40:16.135+0000] {manager.py:879} INFO - 
================================================================================
DAG File Processing Stats

File Path                        PID    Runtime      # DAGs    # Errors  Last Runtime    Last Run
-------------------------------  -----  ---------  --------  ----------  --------------  -------------------
/opt/airflow/dags/daily_dags.py                           1           0  0.30s           2026-02-03T10:39:48
================================================================================
[2026-02-03T10:40:46.494+0000] {manager.py:879} INFO - 
================================================================================
DAG File Processing Stats

File Path                        PID    Runtime      # DAGs    # Errors  Last Runtime    Last Run
-------------------------------  -----  ---------  --------  ----------  --------------  -------------------
/opt/airflow/dags/daily_dags.py                           1           0  0.21s           2026-02-03T10:40:18
================================================================================
[2026-02-03T10:41:16.822+0000] {manager.py:879} INFO - 
================================================================================
DAG File Processing Stats

File Path                        PID    Runtime      # DAGs    # Errors  Last Runtime    Last Run
-------------------------------  -----  ---------  --------  ----------  --------------  -------------------
/opt/airflow/dags/daily_dags.py                           1           0  0.20s           2026-02-03T10:40:48
================================================================================
[2026-02-03T10:41:47.143+0000] {manager.py:879} INFO - 
================================================================================
DAG File Processing Stats

File Path                        PID    Runtime      # DAGs    # Errors  Last Runtime    Last Run
-------------------------------  -----  ---------  --------  ----------  --------------  -------------------
/opt/airflow/dags/daily_dags.py                           1           0  0.20s           2026-02-03T10:41:19
================================================================================
[2026-02-03T10:42:17.480+0000] {manager.py:879} INFO - 
================================================================================
DAG File Processing Stats

File Path                        PID    Runtime      # DAGs    # Errors  Last Runtime    Last Run
-------------------------------  -----  ---------  --------  ----------  --------------  -------------------
/opt/airflow/dags/daily_dags.py                           1           0  0.21s           2026-02-03T10:41:49
================================================================================
[2026-02-03T10:42:33.772+0000] {manager.py:738} INFO - Searching for files in /opt/airflow/dags
[2026-02-03T10:42:33.790+0000] {manager.py:741} INFO - There are 1 files in /opt/airflow/dags
[2026-02-03T10:42:47.804+0000] {manager.py:879} INFO - 
================================================================================
DAG File Processing Stats

File Path                        PID    Runtime      # DAGs    # Errors  Last Runtime    Last Run
-------------------------------  -----  ---------  --------  ----------  --------------  -------------------
/opt/airflow/dags/daily_dags.py                           1           0  0.20s           2026-02-03T10:42:19
================================================================================
[2026-02-03T10:43:18.162+0000] {manager.py:879} INFO - 
================================================================================
DAG File Processing Stats

File Path                        PID    Runtime      # DAGs    # Errors  Last Runtime    Last Run
-------------------------------  -----  ---------  --------  ----------  --------------  -------------------
/opt/airflow/dags/daily_dags.py                           1           0  0.20s           2026-02-03T10:42:49
================================================================================
[2026-02-03T10:43:48.483+0000] {manager.py:879} INFO - 
================================================================================
DAG File Processing Stats

File Path                        PID    Runtime      # DAGs    # Errors  Last Runtime    Last Run
-------------------------------  -----  ---------  --------  ----------  --------------  -------------------
/opt/airflow/dags/daily_dags.py                           1           0  0.20s           2026-02-03T10:43:20
================================================================================
[2026-02-03T10:44:18.896+0000] {manager.py:879} INFO - 
================================================================================
DAG File Processing Stats

File Path                        PID    Runtime      # DAGs    # Errors  Last Runtime    Last Run
-------------------------------  -----  ---------  --------  ----------  --------------  -------------------
/opt/airflow/dags/daily_dags.py                           1           0  0.20s           2026-02-03T10:43:50
================================================================================
[2026-02-03T10:44:49.211+0000] {manager.py:879} INFO - 
================================================================================
DAG File Processing Stats

File Path                        PID    Runtime      # DAGs    # Errors  Last Runtime    Last Run
-------------------------------  -----  ---------  --------  ----------  --------------  -------------------
/opt/airflow/dags/daily_dags.py                           1           0  0.31s           2026-02-03T10:44:21
================================================================================
[2026-02-03T10:45:19.549+0000] {manager.py:879} INFO - 
================================================================================
DAG File Processing Stats

File Path                        PID    Runtime      # DAGs    # Errors  Last Runtime    Last Run
-------------------------------  -----  ---------  --------  ----------  --------------  -------------------
/opt/airflow/dags/daily_dags.py                           1           0  0.31s           2026-02-03T10:44:51
================================================================================
[2026-02-03T10:45:49.858+0000] {manager.py:879} INFO - 
================================================================================
DAG File Processing Stats

File Path                        PID    Runtime      # DAGs    # Errors  Last Runtime    Last Run
-------------------------------  -----  ---------  --------  ----------  --------------  -------------------
/opt/airflow/dags/daily_dags.py                           1           0  0.31s           2026-02-03T10:45:21
================================================================================
[2026-02-03T10:46:20.191+0000] {manager.py:879} INFO - 
================================================================================
DAG File Processing Stats

File Path                        PID    Runtime      # DAGs    # Errors  Last Runtime    Last Run
-------------------------------  -----  ---------  --------  ----------  --------------  -------------------
/opt/airflow/dags/daily_dags.py                           1           0  0.20s           2026-02-03T10:45:52
================================================================================
[2026-02-03T10:46:50.515+0000] {manager.py:879} INFO - 
================================================================================
DAG File Processing Stats

File Path                        PID    Runtime      # DAGs    # Errors  Last Runtime    Last Run
-------------------------------  -----  ---------  --------  ----------  --------------  -------------------
/opt/airflow/dags/daily_dags.py                           1           0  0.20s           2026-02-03T10:46:22
================================================================================
[2026-02-03T10:47:20.865+0000] {manager.py:879} INFO - 
================================================================================
DAG File Processing Stats

File Path                        PID    Runtime      # DAGs    # Errors  Last Runtime    Last Run
-------------------------------  -----  ---------  --------  ----------  --------------  -------------------
/opt/airflow/dags/daily_dags.py                           1           0  0.31s           2026-02-03T10:46:52
================================================================================
[2026-02-03T10:47:33.925+0000] {manager.py:738} INFO - Searching for files in /opt/airflow/dags
[2026-02-03T10:47:33.981+0000] {manager.py:741} INFO - There are 1 files in /opt/airflow/dags
[2026-02-03T10:47:51.201+0000] {manager.py:879} INFO - 
================================================================================
DAG File Processing Stats

File Path                        PID    Runtime      # DAGs    # Errors  Last Runtime    Last Run
-------------------------------  -----  ---------  --------  ----------  --------------  -------------------
/opt/airflow/dags/daily_dags.py                           1           0  0.31s           2026-02-03T10:47:23
================================================================================
[2026-02-03T10:48:21.572+0000] {manager.py:879} INFO - 
================================================================================
DAG File Processing Stats

File Path                        PID    Runtime      # DAGs    # Errors  Last Runtime    Last Run
-------------------------------  -----  ---------  --------  ----------  --------------  -------------------
/opt/airflow/dags/daily_dags.py                           1           0  0.31s           2026-02-03T10:47:53
================================================================================
[2026-02-03T10:48:51.906+0000] {manager.py:879} INFO - 
================================================================================
DAG File Processing Stats

File Path                        PID    Runtime      # DAGs    # Errors  Last Runtime    Last Run
-------------------------------  -----  ---------  --------  ----------  --------------  -------------------
/opt/airflow/dags/daily_dags.py                           1           0  0.21s           2026-02-03T10:48:23
================================================================================
[2026-02-03T10:49:22.209+0000] {manager.py:879} INFO - 
================================================================================
DAG File Processing Stats

File Path                        PID    Runtime      # DAGs    # Errors  Last Runtime    Last Run
-------------------------------  -----  ---------  --------  ----------  --------------  -------------------
/opt/airflow/dags/daily_dags.py                           1           0  0.42s           2026-02-03T10:48:54
================================================================================
[2026-02-03T10:49:52.571+0000] {manager.py:879} INFO - 
================================================================================
DAG File Processing Stats

File Path                        PID    Runtime      # DAGs    # Errors  Last Runtime    Last Run
-------------------------------  -----  ---------  --------  ----------  --------------  -------------------
/opt/airflow/dags/daily_dags.py                           1           0  0.31s           2026-02-03T10:49:24
================================================================================
[2026-02-03T10:50:22.913+0000] {manager.py:879} INFO - 
================================================================================
DAG File Processing Stats

File Path                        PID    Runtime      # DAGs    # Errors  Last Runtime    Last Run
-------------------------------  -----  ---------  --------  ----------  --------------  -------------------
/opt/airflow/dags/daily_dags.py                           1           0  0.31s           2026-02-03T10:49:55
================================================================================
[2026-02-03T10:50:35.662+0000] {manager.py:469} INFO - Processing files using up to 1 processes at a time 
[2026-02-03T10:50:35.663+0000] {manager.py:470} INFO - Process each file at most once every 30 seconds
[2026-02-03T10:50:35.663+0000] {manager.py:471} INFO - Checking for new files in /opt/airflow/dags every 300 seconds
[2026-02-03T10:50:35.664+0000] {manager.py:738} INFO - Searching for files in /opt/airflow/dags
[2026-02-03T10:50:35.692+0000] {manager.py:741} INFO - There are 1 files in /opt/airflow/dags
[2026-02-03T10:50:35.948+0000] {manager.py:879} INFO - 
================================================================================
DAG File Processing Stats

File Path                        PID    Runtime      # DAGs    # Errors  Last Runtime    Last Run
-------------------------------  -----  ---------  --------  ----------  --------------  -------------------
/opt/airflow/dags/daily_dags.py                           1           0  0.20s           2026-02-03T10:50:35
================================================================================
[2026-02-03T10:51:07.285+0000] {manager.py:879} INFO - 
================================================================================
DAG File Processing Stats

File Path                        PID    Runtime      # DAGs    # Errors  Last Runtime    Last Run
-------------------------------  -----  ---------  --------  ----------  --------------  -------------------
/opt/airflow/dags/daily_dags.py                           1           0  0.30s           2026-02-03T10:51:07
================================================================================
[2026-02-03T10:51:37.736+0000] {manager.py:879} INFO - 
================================================================================
DAG File Processing Stats

File Path                        PID    Runtime      # DAGs    # Errors  Last Runtime    Last Run
-------------------------------  -----  ---------  --------  ----------  --------------  -------------------
/opt/airflow/dags/daily_dags.py                           1           0  0.41s           2026-02-03T10:51:37
================================================================================
[2026-02-03T10:52:09.031+0000] {manager.py:879} INFO - 
================================================================================
DAG File Processing Stats

File Path                        PID    Runtime      # DAGs    # Errors  Last Runtime    Last Run
-------------------------------  -----  ---------  --------  ----------  --------------  -------------------
/opt/airflow/dags/daily_dags.py                           1           0  0.31s           2026-02-03T10:52:09
================================================================================
[2026-02-03T10:52:39.380+0000] {manager.py:879} INFO - 
================================================================================
DAG File Processing Stats

File Path                        PID    Runtime      # DAGs    # Errors  Last Runtime    Last Run
-------------------------------  -----  ---------  --------  ----------  --------------  -------------------
/opt/airflow/dags/daily_dags.py                           1           0  0.31s           2026-02-03T10:52:39
================================================================================
[2026-02-03T10:53:22.504+0000] {manager.py:469} INFO - Processing files using up to 1 processes at a time 
[2026-02-03T10:53:22.505+0000] {manager.py:470} INFO - Process each file at most once every 30 seconds
[2026-02-03T10:53:22.506+0000] {manager.py:471} INFO - Checking for new files in /opt/airflow/dags every 300 seconds
[2026-02-03T10:53:22.507+0000] {manager.py:738} INFO - Searching for files in /opt/airflow/dags
[2026-02-03T10:53:22.556+0000] {manager.py:741} INFO - There are 1 files in /opt/airflow/dags
[2026-02-03T10:53:23.140+0000] {manager.py:879} INFO - 
================================================================================
DAG File Processing Stats

File Path                        PID    Runtime      # DAGs    # Errors  Last Runtime    Last Run
-------------------------------  -----  ---------  --------  ----------  --------------  -------------------
/opt/airflow/dags/daily_dags.py                           1           0  0.51s           2026-02-03T10:53:23
================================================================================
[2026-02-03T10:53:54.090+0000] {manager.py:879} INFO - 
================================================================================
DAG File Processing Stats

File Path                        PID    Runtime      # DAGs    # Errors  Last Runtime    Last Run
-------------------------------  -----  ---------  --------  ----------  --------------  -------------------
/opt/airflow/dags/daily_dags.py                           1           0  0.21s           2026-02-03T10:53:54
================================================================================
[2026-02-03T10:54:24.478+0000] {manager.py:879} INFO - 
================================================================================
DAG File Processing Stats

File Path                        PID    Runtime      # DAGs    # Errors  Last Runtime    Last Run
-------------------------------  -----  ---------  --------  ----------  --------------  -------------------
/opt/airflow/dags/daily_dags.py                           1           0  0.21s           2026-02-03T10:54:24
================================================================================
[2026-02-03T10:54:54.881+0000] {manager.py:879} INFO - 
================================================================================
DAG File Processing Stats

File Path                        PID    Runtime      # DAGs    # Errors  Last Runtime    Last Run
-------------------------------  -----  ---------  --------  ----------  --------------  -------------------
/opt/airflow/dags/daily_dags.py                           1           0  0.30s           2026-02-03T10:54:54
================================================================================
[2026-02-03T10:55:25.224+0000] {manager.py:879} INFO - 
================================================================================
DAG File Processing Stats

File Path                        PID    Runtime      # DAGs    # Errors  Last Runtime    Last Run
-------------------------------  -----  ---------  --------  ----------  --------------  -------------------
/opt/airflow/dags/daily_dags.py                           1           0  0.31s           2026-02-03T10:55:25
================================================================================
[2026-02-03T10:55:55.568+0000] {manager.py:879} INFO - 
================================================================================
DAG File Processing Stats

File Path                        PID    Runtime      # DAGs    # Errors  Last Runtime    Last Run
-------------------------------  -----  ---------  --------  ----------  --------------  -------------------
/opt/airflow/dags/daily_dags.py                           1           0  0.30s           2026-02-03T10:55:55
================================================================================
[2026-02-03T10:56:26.411+0000] {manager.py:879} INFO - 
================================================================================
DAG File Processing Stats

File Path                        PID    Runtime      # DAGs    # Errors  Last Runtime    Last Run
-------------------------------  -----  ---------  --------  ----------  --------------  -------------------
/opt/airflow/dags/daily_dags.py                           1           0  0.31s           2026-02-03T10:56:26
================================================================================
[2026-02-03T10:56:56.688+0000] {manager.py:879} INFO - 
================================================================================
DAG File Processing Stats

File Path                        PID    Runtime      # DAGs    # Errors  Last Runtime    Last Run
-------------------------------  -----  ---------  --------  ----------  --------------  -------------------
/opt/airflow/dags/daily_dags.py                           1           0  0.21s           2026-02-03T10:56:56
================================================================================
[2026-02-03T10:57:27.339+0000] {manager.py:879} INFO - 
================================================================================
DAG File Processing Stats

File Path                        PID    Runtime      # DAGs    # Errors  Last Runtime    Last Run
-------------------------------  -----  ---------  --------  ----------  --------------  -------------------
/opt/airflow/dags/daily_dags.py                           1           0  0.21s           2026-02-03T10:57:27
================================================================================
[2026-02-03T10:57:57.816+0000] {manager.py:879} INFO - 
================================================================================
DAG File Processing Stats

File Path                        PID    Runtime      # DAGs    # Errors  Last Runtime    Last Run
-------------------------------  -----  ---------  --------  ----------  --------------  -------------------
/opt/airflow/dags/daily_dags.py                           1           0  0.21s           2026-02-03T10:57:57
================================================================================
[2026-02-03T10:58:22.638+0000] {manager.py:738} INFO - Searching for files in /opt/airflow/dags
[2026-02-03T10:58:22.651+0000] {manager.py:741} INFO - There are 1 files in /opt/airflow/dags
[2026-02-03T10:58:28.563+0000] {manager.py:879} INFO - 
================================================================================
DAG File Processing Stats

File Path                        PID    Runtime      # DAGs    # Errors  Last Runtime    Last Run
-------------------------------  -----  ---------  --------  ----------  --------------  -------------------
/opt/airflow/dags/daily_dags.py                           1           0  0.31s           2026-02-03T10:58:28
================================================================================
[2026-02-03T10:58:59.344+0000] {manager.py:879} INFO - 
================================================================================
DAG File Processing Stats

File Path                        PID    Runtime      # DAGs    # Errors  Last Runtime    Last Run
-------------------------------  -----  ---------  --------  ----------  --------------  -------------------
/opt/airflow/dags/daily_dags.py                           1           0  0.31s           2026-02-03T10:58:59
================================================================================
[2026-02-03T10:59:30.123+0000] {manager.py:879} INFO - 
================================================================================
DAG File Processing Stats

File Path                        PID    Runtime      # DAGs    # Errors  Last Runtime    Last Run
-------------------------------  -----  ---------  --------  ----------  --------------  -------------------
/opt/airflow/dags/daily_dags.py                           1           0  0.31s           2026-02-03T10:59:30
================================================================================
[2026-02-03T11:00:00.743+0000] {manager.py:879} INFO - 
================================================================================
DAG File Processing Stats

File Path                        PID    Runtime      # DAGs    # Errors  Last Runtime    Last Run
-------------------------------  -----  ---------  --------  ----------  --------------  -------------------
/opt/airflow/dags/daily_dags.py                           1           0  0.30s           2026-02-03T11:00:00
================================================================================
[2026-02-03T11:00:31.160+0000] {manager.py:879} INFO - 
================================================================================
DAG File Processing Stats

File Path                        PID    Runtime      # DAGs    # Errors  Last Runtime    Last Run
-------------------------------  -----  ---------  --------  ----------  --------------  -------------------
/opt/airflow/dags/daily_dags.py                           1           0  0.31s           2026-02-03T11:00:22
================================================================================
[2026-02-03T11:01:01.929+0000] {manager.py:879} INFO - 
================================================================================
DAG File Processing Stats

File Path                        PID    Runtime      # DAGs    # Errors  Last Runtime    Last Run
-------------------------------  -----  ---------  --------  ----------  --------------  -------------------
/opt/airflow/dags/daily_dags.py                           1           0  0.30s           2026-02-03T11:01:01
================================================================================
[2026-02-03T11:01:32.108+0000] {manager.py:879} INFO - 
================================================================================
DAG File Processing Stats

File Path                        PID    Runtime      # DAGs    # Errors  Last Runtime    Last Run
-------------------------------  -----  ---------  --------  ----------  --------------  -------------------
/opt/airflow/dags/daily_dags.py                           1           0  0.31s           2026-02-03T11:01:15
================================================================================
[2026-02-03T11:02:02.364+0000] {manager.py:879} INFO - 
================================================================================
DAG File Processing Stats

File Path                        PID    Runtime      # DAGs    # Errors  Last Runtime    Last Run
-------------------------------  -----  ---------  --------  ----------  --------------  -------------------
/opt/airflow/dags/daily_dags.py                           1           0  0.31s           2026-02-03T11:01:46
================================================================================
[2026-02-03T11:02:32.719+0000] {manager.py:879} INFO - 
================================================================================
DAG File Processing Stats

File Path                        PID    Runtime      # DAGs    # Errors  Last Runtime    Last Run
-------------------------------  -----  ---------  --------  ----------  --------------  -------------------
/opt/airflow/dags/daily_dags.py                           1           0  0.31s           2026-02-03T11:02:17
================================================================================
[2026-02-03T11:03:03.159+0000] {manager.py:879} INFO - 
================================================================================
DAG File Processing Stats

File Path                        PID    Runtime      # DAGs    # Errors  Last Runtime    Last Run
-------------------------------  -----  ---------  --------  ----------  --------------  -------------------
/opt/airflow/dags/daily_dags.py                           1           0  0.31s           2026-02-03T11:02:48
================================================================================
[2026-02-03T11:03:22.663+0000] {manager.py:738} INFO - Searching for files in /opt/airflow/dags
[2026-02-03T11:03:22.681+0000] {manager.py:741} INFO - There are 1 files in /opt/airflow/dags
[2026-02-03T11:03:33.610+0000] {manager.py:879} INFO - 
================================================================================
DAG File Processing Stats

File Path                        PID    Runtime      # DAGs    # Errors  Last Runtime    Last Run
-------------------------------  -----  ---------  --------  ----------  --------------  -------------------
/opt/airflow/dags/daily_dags.py                           1           0  0.20s           2026-02-03T11:03:18
================================================================================
[2026-02-03T11:04:04.034+0000] {manager.py:879} INFO - 
================================================================================
DAG File Processing Stats

File Path                        PID    Runtime      # DAGs    # Errors  Last Runtime    Last Run
-------------------------------  -----  ---------  --------  ----------  --------------  -------------------
/opt/airflow/dags/daily_dags.py                           1           0  0.31s           2026-02-03T11:03:49
================================================================================
[2026-02-03T11:04:34.280+0000] {manager.py:879} INFO - 
================================================================================
DAG File Processing Stats

File Path                        PID    Runtime      # DAGs    # Errors  Last Runtime    Last Run
-------------------------------  -----  ---------  --------  ----------  --------------  -------------------
/opt/airflow/dags/daily_dags.py                           1           0  0.31s           2026-02-03T11:04:20
================================================================================
[2026-02-03T11:05:04.560+0000] {manager.py:879} INFO - 
================================================================================
DAG File Processing Stats

File Path                        PID    Runtime      # DAGs    # Errors  Last Runtime    Last Run
-------------------------------  -----  ---------  --------  ----------  --------------  -------------------
/opt/airflow/dags/daily_dags.py                           1           0  0.31s           2026-02-03T11:04:51
================================================================================
[2026-02-03T11:05:35.124+0000] {manager.py:879} INFO - 
================================================================================
DAG File Processing Stats

File Path                        PID    Runtime      # DAGs    # Errors  Last Runtime    Last Run
-------------------------------  -----  ---------  --------  ----------  --------------  -------------------
/opt/airflow/dags/daily_dags.py                           0           1  0.20s           2026-02-03T11:05:29
================================================================================
[2026-02-03T11:06:05.657+0000] {manager.py:879} INFO - 
================================================================================
DAG File Processing Stats

File Path                        PID    Runtime      # DAGs    # Errors  Last Runtime    Last Run
-------------------------------  -----  ---------  --------  ----------  --------------  -------------------
/opt/airflow/dags/daily_dags.py                           1           0  0.31s           2026-02-03T11:05:55
================================================================================
[2026-02-03T11:06:36.338+0000] {manager.py:879} INFO - 
================================================================================
DAG File Processing Stats

File Path                        PID    Runtime      # DAGs    # Errors  Last Runtime    Last Run
-------------------------------  -----  ---------  --------  ----------  --------------  -------------------
/opt/airflow/dags/daily_dags.py                           1           0  0.30s           2026-02-03T11:06:21
================================================================================
[2026-02-03T11:07:06.909+0000] {manager.py:879} INFO - 
================================================================================
DAG File Processing Stats

File Path                        PID    Runtime      # DAGs    # Errors  Last Runtime    Last Run
-------------------------------  -----  ---------  --------  ----------  --------------  -------------------
/opt/airflow/dags/daily_dags.py                           1           0  0.21s           2026-02-03T11:06:53
================================================================================
[2026-02-03T11:07:37.500+0000] {manager.py:879} INFO - 
================================================================================
DAG File Processing Stats

File Path                        PID    Runtime      # DAGs    # Errors  Last Runtime    Last Run
-------------------------------  -----  ---------  --------  ----------  --------------  -------------------
/opt/airflow/dags/daily_dags.py                           1           0  0.20s           2026-02-03T11:07:24
================================================================================
[2026-02-03T11:08:08.447+0000] {manager.py:879} INFO - 
================================================================================
DAG File Processing Stats

File Path                        PID    Runtime      # DAGs    # Errors  Last Runtime    Last Run
-------------------------------  -----  ---------  --------  ----------  --------------  -------------------
/opt/airflow/dags/daily_dags.py                           1           0  0.31s           2026-02-03T11:07:55
================================================================================
[2026-02-03T11:08:23.086+0000] {manager.py:738} INFO - Searching for files in /opt/airflow/dags
[2026-02-03T11:08:23.144+0000] {manager.py:741} INFO - There are 1 files in /opt/airflow/dags
[2026-02-03T11:08:38.937+0000] {manager.py:879} INFO - 
================================================================================
DAG File Processing Stats

File Path                        PID    Runtime      # DAGs    # Errors  Last Runtime    Last Run
-------------------------------  -----  ---------  --------  ----------  --------------  -------------------
/opt/airflow/dags/daily_dags.py                           1           0  0.31s           2026-02-03T11:08:25
================================================================================
[2026-02-03T11:09:09.402+0000] {manager.py:879} INFO - 
================================================================================
DAG File Processing Stats

File Path                        PID    Runtime      # DAGs    # Errors  Last Runtime    Last Run
-------------------------------  -----  ---------  --------  ----------  --------------  -------------------
/opt/airflow/dags/daily_dags.py                           1           0  0.30s           2026-02-03T11:08:55
================================================================================
[2026-02-03T11:09:40.109+0000] {manager.py:879} INFO - 
================================================================================
DAG File Processing Stats

File Path                        PID    Runtime      # DAGs    # Errors  Last Runtime    Last Run
-------------------------------  -----  ---------  --------  ----------  --------------  -------------------
/opt/airflow/dags/daily_dags.py                           1           0  0.31s           2026-02-03T11:09:26
================================================================================
[2026-02-03T11:10:10.585+0000] {manager.py:879} INFO - 
================================================================================
DAG File Processing Stats

File Path                        PID    Runtime      # DAGs    # Errors  Last Runtime    Last Run
-------------------------------  -----  ---------  --------  ----------  --------------  -------------------
/opt/airflow/dags/daily_dags.py                           1           0  0.21s           2026-02-03T11:09:57
================================================================================
[2026-02-03T11:10:41.157+0000] {manager.py:879} INFO - 
================================================================================
DAG File Processing Stats

File Path                        PID    Runtime      # DAGs    # Errors  Last Runtime    Last Run
-------------------------------  -----  ---------  --------  ----------  --------------  -------------------
/opt/airflow/dags/daily_dags.py                           1           0  0.41s           2026-02-03T11:10:27
================================================================================
[2026-02-03T11:11:11.816+0000] {manager.py:879} INFO - 
================================================================================
DAG File Processing Stats

File Path                        PID    Runtime      # DAGs    # Errors  Last Runtime    Last Run
-------------------------------  -----  ---------  --------  ----------  --------------  -------------------
/opt/airflow/dags/daily_dags.py                           1           0  0.21s           2026-02-03T11:10:58
================================================================================
[2026-02-03T11:11:42.268+0000] {manager.py:879} INFO - 
================================================================================
DAG File Processing Stats

File Path                        PID    Runtime      # DAGs    # Errors  Last Runtime    Last Run
-------------------------------  -----  ---------  --------  ----------  --------------  -------------------
/opt/airflow/dags/daily_dags.py                           1           0  0.20s           2026-02-03T11:11:28
================================================================================
[2026-02-03T11:12:13.191+0000] {manager.py:879} INFO - 
================================================================================
DAG File Processing Stats

File Path                        PID    Runtime      # DAGs    # Errors  Last Runtime    Last Run
-------------------------------  -----  ---------  --------  ----------  --------------  -------------------
/opt/airflow/dags/daily_dags.py                           1           0  0.21s           2026-02-03T11:12:00
================================================================================
[2026-02-03T11:12:43.960+0000] {manager.py:879} INFO - 
================================================================================
DAG File Processing Stats

File Path                        PID    Runtime      # DAGs    # Errors  Last Runtime    Last Run
-------------------------------  -----  ---------  --------  ----------  --------------  -------------------
/opt/airflow/dags/daily_dags.py                           1           0  0.31s           2026-02-03T11:12:31
================================================================================
[2026-02-03T11:13:14.403+0000] {manager.py:879} INFO - 
================================================================================
DAG File Processing Stats

File Path                        PID    Runtime      # DAGs    # Errors  Last Runtime    Last Run
-------------------------------  -----  ---------  --------  ----------  --------------  -------------------
/opt/airflow/dags/daily_dags.py                           1           0  0.31s           2026-02-03T11:13:01
================================================================================
[2026-02-03T11:13:23.460+0000] {manager.py:738} INFO - Searching for files in /opt/airflow/dags
[2026-02-03T11:13:23.524+0000] {manager.py:741} INFO - There are 1 files in /opt/airflow/dags
[2026-02-03T11:13:45.430+0000] {manager.py:879} INFO - 
================================================================================
DAG File Processing Stats

File Path                        PID    Runtime      # DAGs    # Errors  Last Runtime    Last Run
-------------------------------  -----  ---------  --------  ----------  --------------  -------------------
/opt/airflow/dags/daily_dags.py                           1           0  0.31s           2026-02-03T11:13:32
================================================================================
[2026-02-03T11:14:04.814+0000] {manager.py:469} INFO - Processing files using up to 1 processes at a time 
[2026-02-03T11:14:04.815+0000] {manager.py:470} INFO - Process each file at most once every 30 seconds
[2026-02-03T11:14:04.815+0000] {manager.py:471} INFO - Checking for new files in /opt/airflow/dags every 300 seconds
[2026-02-03T11:14:04.816+0000] {manager.py:738} INFO - Searching for files in /opt/airflow/dags
[2026-02-03T11:14:04.843+0000] {manager.py:741} INFO - There are 1 files in /opt/airflow/dags
[2026-02-03T11:14:05.127+0000] {manager.py:879} INFO - 
================================================================================
DAG File Processing Stats

File Path                        PID    Runtime      # DAGs    # Errors  Last Runtime    Last Run
-------------------------------  -----  ---------  --------  ----------  --------------  -------------------
/opt/airflow/dags/daily_dags.py                           1           0  0.20s           2026-02-03T11:14:05
================================================================================
[2026-02-03T11:14:36.588+0000] {manager.py:879} INFO - 
================================================================================
DAG File Processing Stats

File Path                        PID    Runtime      # DAGs    # Errors  Last Runtime    Last Run
-------------------------------  -----  ---------  --------  ----------  --------------  -------------------
/opt/airflow/dags/daily_dags.py                           1           0  0.41s           2026-02-03T11:14:36
================================================================================
[2026-02-03T11:15:07.951+0000] {manager.py:879} INFO - 
================================================================================
DAG File Processing Stats

File Path                        PID    Runtime      # DAGs    # Errors  Last Runtime    Last Run
-------------------------------  -----  ---------  --------  ----------  --------------  -------------------
/opt/airflow/dags/daily_dags.py                           1           0  0.31s           2026-02-03T11:15:07
================================================================================
[2026-02-03T11:15:39.083+0000] {manager.py:879} INFO - 
================================================================================
DAG File Processing Stats

File Path                        PID    Runtime      # DAGs    # Errors  Last Runtime    Last Run
-------------------------------  -----  ---------  --------  ----------  --------------  -------------------
/opt/airflow/dags/daily_dags.py                           1           0  0.31s           2026-02-03T11:15:39
================================================================================
[2026-02-03T11:16:09.537+0000] {manager.py:879} INFO - 
================================================================================
DAG File Processing Stats

File Path                        PID    Runtime      # DAGs    # Errors  Last Runtime    Last Run
-------------------------------  -----  ---------  --------  ----------  --------------  -------------------
/opt/airflow/dags/daily_dags.py                           1           0  0.31s           2026-02-03T11:16:09
================================================================================
[2026-02-03T11:16:40.017+0000] {manager.py:879} INFO - 
================================================================================
DAG File Processing Stats

File Path                        PID    Runtime      # DAGs    # Errors  Last Runtime    Last Run
-------------------------------  -----  ---------  --------  ----------  --------------  -------------------
/opt/airflow/dags/daily_dags.py                           1           0  0.31s           2026-02-03T11:16:40
================================================================================
[2026-02-03T11:17:10.451+0000] {manager.py:879} INFO - 
================================================================================
DAG File Processing Stats

File Path                        PID    Runtime      # DAGs    # Errors  Last Runtime    Last Run
-------------------------------  -----  ---------  --------  ----------  --------------  -------------------
/opt/airflow/dags/daily_dags.py                           1           0  0.31s           2026-02-03T11:17:10
================================================================================
[2026-02-03T11:17:40.949+0000] {manager.py:879} INFO - 
================================================================================
DAG File Processing Stats

File Path                        PID    Runtime      # DAGs    # Errors  Last Runtime    Last Run
-------------------------------  -----  ---------  --------  ----------  --------------  -------------------
/opt/airflow/dags/daily_dags.py                           1           0  0.31s           2026-02-03T11:17:40
================================================================================
[2026-02-03T11:18:11.354+0000] {manager.py:879} INFO - 
================================================================================
DAG File Processing Stats

File Path                        PID    Runtime      # DAGs    # Errors  Last Runtime    Last Run
-------------------------------  -----  ---------  --------  ----------  --------------  -------------------
/opt/airflow/dags/daily_dags.py                           1           0  0.31s           2026-02-03T11:18:11
================================================================================
[2026-02-03T11:18:41.818+0000] {manager.py:879} INFO - 
================================================================================
DAG File Processing Stats

File Path                        PID    Runtime      # DAGs    # Errors  Last Runtime    Last Run
-------------------------------  -----  ---------  --------  ----------  --------------  -------------------
/opt/airflow/dags/daily_dags.py                           1           0  0.30s           2026-02-03T11:18:41
================================================================================
[2026-02-03T11:19:05.004+0000] {manager.py:738} INFO - Searching for files in /opt/airflow/dags
[2026-02-03T11:19:05.059+0000] {manager.py:741} INFO - There are 1 files in /opt/airflow/dags
[2026-02-03T11:19:12.264+0000] {manager.py:879} INFO - 
================================================================================
DAG File Processing Stats

File Path                        PID    Runtime      # DAGs    # Errors  Last Runtime    Last Run
-------------------------------  -----  ---------  --------  ----------  --------------  -------------------
/opt/airflow/dags/daily_dags.py                           1           0  0.31s           2026-02-03T11:19:12
================================================================================
[2026-02-03T11:19:42.733+0000] {manager.py:879} INFO - 
================================================================================
DAG File Processing Stats

File Path                        PID    Runtime      # DAGs    # Errors  Last Runtime    Last Run
-------------------------------  -----  ---------  --------  ----------  --------------  -------------------
/opt/airflow/dags/daily_dags.py                           1           0  0.30s           2026-02-03T11:19:42
================================================================================
[2026-02-03T11:20:13.354+0000] {manager.py:879} INFO - 
================================================================================
DAG File Processing Stats

File Path                        PID    Runtime      # DAGs    # Errors  Last Runtime    Last Run
-------------------------------  -----  ---------  --------  ----------  --------------  -------------------
/opt/airflow/dags/daily_dags.py                           1           0  0.31s           2026-02-03T11:20:13
================================================================================
